2017-12-05 10:28:40 [INFO] Read document "dgcypa-erp.mwb"
2017-12-05 10:28:40 [INFO] Processing schema "mydb"
2017-12-05 10:28:40 [INFO] Processing table "user"
2017-12-05 10:28:40 [INFO] Processing column "user.id"
2017-12-05 10:28:40 [INFO] Processing column "user.birthdate"
2017-12-05 10:28:40 [INFO] Processing column "user.gender"
2017-12-05 10:28:40 [INFO] Processing column "user.lastname"
2017-12-05 10:28:40 [INFO] Processing column "user.name"
2017-12-05 10:28:40 [INFO] Processing column "user.created_at"
2017-12-05 10:28:40 [INFO] Processing column "user.updated_at"
2017-12-05 10:28:40 [INFO] Processing table "regulation"
2017-12-05 10:28:40 [INFO] Processing column "regulation.id"
2017-12-05 10:28:40 [INFO] Processing column "regulation.valid"
2017-12-05 10:28:40 [INFO] Processing column "regulation.name"
2017-12-05 10:28:40 [INFO] Processing column "regulation.number"
2017-12-05 10:28:40 [INFO] Processing column "regulation.date"
2017-12-05 10:28:40 [INFO] Processing column "regulation.created_at"
2017-12-05 10:28:40 [INFO] Processing column "regulation.updated_at"
2017-12-05 10:28:40 [INFO] Processing table "system"
2017-12-05 10:28:40 [INFO] Processing column "system.id"
2017-12-05 10:28:40 [INFO] Processing column "system.name"
2017-12-05 10:28:40 [INFO] Processing column "system.shortdescription"
2017-12-05 10:28:40 [INFO] Processing column "system.description"
2017-12-05 10:28:40 [INFO] Processing column "system.created_at"
2017-12-05 10:28:40 [INFO] Processing column "system.updated_at"
2017-12-05 10:28:40 [INFO] Processing table "system_role"
2017-12-05 10:28:40 [INFO] Processing column "system_role.id"
2017-12-05 10:28:40 [INFO] Processing column "system_role.name"
2017-12-05 10:28:40 [INFO] Processing column "system_role.description"
2017-12-05 10:28:40 [INFO] Processing column "system_role.created_at"
2017-12-05 10:28:40 [INFO] Processing column "system_role.updated_at"
2017-12-05 10:28:40 [INFO] Processing table "system_functionality"
2017-12-05 10:28:40 [INFO] Processing column "system_functionality.id"
2017-12-05 10:28:40 [INFO] Processing column "system_functionality.system_id"
2017-12-05 10:28:40 [INFO] Processing column "system_functionality.name"
2017-12-05 10:28:40 [INFO] Processing column "system_functionality.description"
2017-12-05 10:28:40 [INFO] Processing column "system_functionality.created_at"
2017-12-05 10:28:40 [INFO] Processing column "system_functionality.updated_at"
2017-12-05 10:28:40 [INFO] Processing table "system_users"
2017-12-05 10:28:40 [INFO] Processing column "system_users.id"
2017-12-05 10:28:40 [INFO] Processing column "system_users.system_role_id"
2017-12-05 10:28:40 [INFO] Processing column "system_users.system_id"
2017-12-05 10:28:40 [INFO] Processing column "system_users.created_at"
2017-12-05 10:28:40 [INFO] Processing table "system_note"
2017-12-05 10:28:40 [INFO] Processing column "system_note.id"
2017-12-05 10:28:40 [INFO] Processing column "system_note.name"
2017-12-05 10:28:40 [INFO] Processing column "system_note.description"
2017-12-05 10:28:40 [INFO] Processing column "system_note.created_at"
2017-12-05 10:28:40 [INFO] Processing column "system_note.updated_at"
2017-12-05 10:28:40 [INFO] Processing column "system_note.year"
2017-12-05 10:28:40 [INFO] Processing column "system_note.period"
2017-12-05 10:28:40 [INFO] Processing column "system_note.adjustment_id"
2017-12-05 10:28:40 [INFO] Processing column "system_note.system_id"
2017-12-05 10:28:40 [INFO] Processing table "system_adjustment"
2017-12-05 10:28:40 [INFO] Processing column "system_adjustment.id"
2017-12-05 10:28:40 [INFO] Processing column "system_adjustment.name"
2017-12-05 10:28:40 [INFO] Processing table "system_regulation_art"
2017-12-05 10:28:40 [INFO] Processing column "system_regulation_art.id"
2017-12-05 10:28:40 [INFO] Processing column "system_regulation_art.system_functionality_id"
2017-12-05 10:28:40 [INFO] Processing column "system_regulation_art.regulation_art_id"
2017-12-05 10:28:40 [INFO] Processing column "system_regulation_art.created_at"
2017-12-05 10:28:40 [INFO] Processing table "regulation_art"
2017-12-05 10:28:40 [INFO] Processing column "regulation_art.id"
2017-12-05 10:28:40 [INFO] Processing column "regulation_art.created_at"
2017-12-05 10:28:40 [INFO] Processing column "regulation_art.regulation_id"
2017-12-05 10:28:40 [INFO] Processing column "regulation_art.name"
2017-12-05 10:28:40 [INFO] Processing column "regulation_art.detail"
2017-12-05 10:28:40 [INFO] Processing table "proccess"
2017-12-05 10:28:40 [INFO] Processing column "proccess.id"
2017-12-05 10:28:40 [INFO] Processing column "proccess.name"
2017-12-05 10:28:40 [INFO] Processing column "proccess.description"
2017-12-05 10:28:40 [INFO] Processing column "proccess.id_parent"
2017-12-05 10:28:40 [INFO] Processing column "proccess.created_at"
2017-12-05 10:28:40 [INFO] Processing table "proccess_rule"
2017-12-05 10:28:40 [INFO] Processing column "proccess_rule.id"
2017-12-05 10:28:40 [INFO] Processing column "proccess_rule.proccess_id"
2017-12-05 10:28:40 [INFO] Processing column "proccess_rule.name"
2017-12-05 10:28:40 [INFO] Processing column "proccess_rule.text"
2017-12-05 10:28:40 [INFO] Processing column "proccess_rule.created_at"
2017-12-05 10:28:40 [INFO] Processing table "proccess_system"
2017-12-05 10:28:40 [INFO] Processing column "proccess_system.id"
2017-12-05 10:28:40 [INFO] Processing column "proccess_system.proccess_id"
2017-12-05 10:28:40 [INFO] Processing column "proccess_system.system_id"
2017-12-05 10:28:40 [INFO] Processing column "proccess_system.created_at"
2017-12-05 10:28:40 [INFO] Processing column "proccess_system.updated_at"
2017-12-05 10:28:40 [INFO] Processing table "proccess_regulation_art"
2017-12-05 10:28:40 [INFO] Processing column "proccess_regulation_art.id"
2017-12-05 10:28:40 [INFO] Processing column "proccess_regulation_art.proccess_id"
2017-12-05 10:28:40 [INFO] Processing column "proccess_regulation_art.regulation_art_id"
2017-12-05 10:28:40 [INFO] Processing column "proccess_regulation_art.created_at"
2017-12-05 10:28:40 [INFO] Processing table "period_activity"
2017-12-05 10:28:40 [INFO] Processing column "period_activity.id"
2017-12-05 10:28:40 [INFO] Processing column "period_activity.startdate"
2017-12-05 10:28:40 [INFO] Processing column "period_activity.enddate"
2017-12-05 10:28:40 [INFO] Processing column "period_activity.description"
2017-12-05 10:28:40 [INFO] Processing column "period_activity.duration_id"
2017-12-05 10:28:40 [INFO] Processing column "period_activity.position"
2017-12-05 10:28:40 [INFO] Processing column "period_activity.period_calendar_id"
2017-12-05 10:28:40 [INFO] Processing table "period_duration"
2017-12-05 10:28:40 [INFO] Processing column "period_duration.id"
2017-12-05 10:28:40 [INFO] Processing column "period_duration.title"
2017-12-05 10:28:40 [INFO] Processing table "period_calendar"
2017-12-05 10:28:40 [INFO] Processing column "period_calendar.id"
2017-12-05 10:28:40 [INFO] Processing column "period_calendar.name"
2017-12-05 10:28:40 [INFO] Processing column "period_calendar.identify"
2017-12-05 10:28:40 [INFO] Processing index "period_activity.PRIMARY"
2017-12-05 10:28:40 [INFO] Processing index "period_activity.fk_activity_duration1_idx"
2017-12-05 10:28:40 [INFO] Processing index "period_activity.fk_period_activity_period_calendar1_idx"
2017-12-05 10:28:40 [INFO] Processing foreign key "period_activity.fk_activity_duration1"
2017-12-05 10:28:40 [INFO] Mark column period_activity.duration_id as foreign reference for period_duration
2017-12-05 10:28:40 [INFO] Mark column period_duration.id as local reference for period_duration
2017-12-05 10:28:40 [INFO] Processing foreign key "period_activity.fk_period_activity_period_calendar1"
2017-12-05 10:28:40 [INFO] Mark column period_activity.period_calendar_id as foreign reference for period_calendar
2017-12-05 10:28:40 [INFO] Mark column period_calendar.id as local reference for period_calendar
2017-12-05 10:28:40 [INFO] Processing index "period_calendar.PRIMARY"
2017-12-05 10:28:40 [INFO] Processing index "period_duration.PRIMARY"
2017-12-05 10:28:40 [INFO] Processing index "proccess.PRIMARY"
2017-12-05 10:28:40 [INFO] Processing index "proccess_regulation_art.PRIMARY"
2017-12-05 10:28:40 [INFO] Processing index "proccess_regulation_art.fk_proccess_regulation_art_proccess1_idx"
2017-12-05 10:28:40 [INFO] Processing index "proccess_regulation_art.fk_proccess_regulation_art_regulation_art1_idx"
2017-12-05 10:28:40 [INFO] Processing foreign key "proccess_regulation_art.fk_proccess_regulation_art_proccess1"
2017-12-05 10:28:40 [INFO] Mark column proccess_regulation_art.proccess_id as foreign reference for proccess
2017-12-05 10:28:40 [INFO] Mark column proccess.id as local reference for proccess
2017-12-05 10:28:40 [INFO] Processing foreign key "proccess_regulation_art.fk_proccess_regulation_art_regulation_art1"
2017-12-05 10:28:40 [INFO] Mark column proccess_regulation_art.regulation_art_id as foreign reference for regulation_art
2017-12-05 10:28:40 [INFO] Mark column regulation_art.id as local reference for regulation_art
2017-12-05 10:28:40 [INFO] Processing index "proccess_rule.PRIMARY"
2017-12-05 10:28:40 [INFO] Processing index "proccess_rule.fk_proccess_rule_proccess1_idx"
2017-12-05 10:28:40 [INFO] Processing foreign key "proccess_rule.fk_proccess_rule_proccess1"
2017-12-05 10:28:40 [INFO] Mark column proccess_rule.proccess_id as foreign reference for proccess
2017-12-05 10:28:40 [INFO] Mark column proccess.id as local reference for proccess
2017-12-05 10:28:40 [INFO] Processing index "proccess_system.fk_proccess_system_proccess1_idx"
2017-12-05 10:28:40 [INFO] Processing index "proccess_system.fk_proccess_system_system1_idx"
2017-12-05 10:28:40 [INFO] Processing index "proccess_system.PRIMARY"
2017-12-05 10:28:40 [INFO] Processing foreign key "proccess_system.fk_proccess_system_proccess1"
2017-12-05 10:28:40 [INFO] Mark column proccess_system.proccess_id as foreign reference for proccess
2017-12-05 10:28:40 [INFO] Mark column proccess.id as local reference for proccess
2017-12-05 10:28:40 [INFO] Processing foreign key "proccess_system.fk_proccess_system_system1"
2017-12-05 10:28:40 [INFO] Mark column proccess_system.system_id as foreign reference for system
2017-12-05 10:28:40 [INFO] Mark column system.id as local reference for system
2017-12-05 10:28:40 [INFO] Processing index "regulation.PRIMARY"
2017-12-05 10:28:40 [INFO] Processing index "regulation_art.PRIMARY"
2017-12-05 10:28:40 [INFO] Processing index "regulation_art.fk_regulation_art_regulation1_idx"
2017-12-05 10:28:40 [INFO] Processing foreign key "regulation_art.fk_regulation_art_regulation1"
2017-12-05 10:28:40 [INFO] Mark column regulation_art.regulation_id as foreign reference for regulation
2017-12-05 10:28:40 [INFO] Mark column regulation.id as local reference for regulation
2017-12-05 10:28:40 [INFO] Processing index "system.PRIMARY"
2017-12-05 10:28:40 [INFO] Processing index "system_adjustment.PRIMARY"
2017-12-05 10:28:40 [INFO] Processing index "system_functionality.PRIMARY"
2017-12-05 10:28:40 [INFO] Processing index "system_functionality.fk_functionality_system_idx"
2017-12-05 10:28:40 [INFO] Processing foreign key "system_functionality.fk_functionality_system"
2017-12-05 10:28:40 [INFO] Mark column system_functionality.system_id as foreign reference for system
2017-12-05 10:28:40 [INFO] Mark column system.id as local reference for system
2017-12-05 10:28:40 [INFO] Processing index "system_note.PRIMARY"
2017-12-05 10:28:40 [INFO] Processing index "system_note.fk_note_adjustment1_idx"
2017-12-05 10:28:40 [INFO] Processing index "system_note.fk_system_note_system1_idx"
2017-12-05 10:28:40 [INFO] Processing foreign key "system_note.fk_note_adjustment1"
2017-12-05 10:28:40 [INFO] Mark column system_note.adjustment_id as foreign reference for system_adjustment
2017-12-05 10:28:40 [INFO] Mark column system_adjustment.id as local reference for system_adjustment
2017-12-05 10:28:40 [INFO] Processing foreign key "system_note.fk_system_note_system1"
2017-12-05 10:28:40 [INFO] Mark column system_note.system_id as foreign reference for system
2017-12-05 10:28:40 [INFO] Mark column system.id as local reference for system
2017-12-05 10:28:40 [INFO] Processing index "system_regulation_art.PRIMARY"
2017-12-05 10:28:40 [INFO] Processing index "system_regulation_art.fk_system_regulation_art_system_functionality1_idx"
2017-12-05 10:28:40 [INFO] Processing index "system_regulation_art.fk_system_regulation_art_regulation_art1_idx"
2017-12-05 10:28:40 [INFO] Processing foreign key "system_regulation_art.fk_system_regulation_art_system_functionality1"
2017-12-05 10:28:40 [INFO] Mark column system_regulation_art.system_functionality_id as foreign reference for system_functionality
2017-12-05 10:28:40 [INFO] Mark column system_functionality.id as local reference for system_functionality
2017-12-05 10:28:40 [INFO] Processing foreign key "system_regulation_art.fk_system_regulation_art_regulation_art1"
2017-12-05 10:28:40 [INFO] Mark column system_regulation_art.regulation_art_id as foreign reference for regulation_art
2017-12-05 10:28:40 [INFO] Mark column regulation_art.id as local reference for regulation_art
2017-12-05 10:28:40 [INFO] Processing index "system_role.PRIMARY"
2017-12-05 10:28:40 [INFO] Processing index "system_users.PRIMARY"
2017-12-05 10:28:40 [INFO] Processing index "system_users.fk_system_users_system_user1_idx"
2017-12-05 10:28:40 [INFO] Processing index "system_users.fk_system_users_system1_idx"
2017-12-05 10:28:40 [INFO] Processing foreign key "system_users.fk_system_users_system_user1"
2017-12-05 10:28:40 [INFO] Mark column system_users.system_role_id as foreign reference for system_role
2017-12-05 10:28:40 [INFO] Mark column system_role.id as local reference for system_role
2017-12-05 10:28:40 [INFO] Processing foreign key "system_users.fk_system_users_system1"
2017-12-05 10:28:40 [INFO] Mark column system_users.system_id as foreign reference for system
2017-12-05 10:28:40 [INFO] Mark column system.id as local reference for system
2017-12-05 10:28:40 [INFO] Processing index "user.PRIMARY"
2017-12-05 10:28:40 [INFO]   * period_duration: M2M set to false, foreign keys not equal to 2
2017-12-05 10:28:40 [INFO]   * period_calendar: M2M set to false, foreign keys not equal to 2
2017-12-05 10:28:40 [INFO]   * period_activity: M2M set to false, columns are 3 or more
2017-12-05 10:28:40 [INFO]   * proccess: M2M set to false, foreign keys not equal to 2
2017-12-05 10:28:40 [INFO]   * regulation_art: M2M set to false, foreign keys not equal to 2
2017-12-05 10:28:40 [INFO]   * proccess_regulation_art: M2M set to false, columns are 3 or more
2017-12-05 10:28:40 [INFO]   * proccess_rule: M2M set to false, foreign keys not equal to 2
2017-12-05 10:28:40 [INFO]   * system: M2M set to false, foreign keys not equal to 2
2017-12-05 10:28:40 [INFO]   * proccess_system: M2M set to false, columns are 3 or more
2017-12-05 10:28:40 [INFO]   * regulation: M2M set to false, foreign keys not equal to 2
2017-12-05 10:28:40 [INFO]   * system_adjustment: M2M set to false, foreign keys not equal to 2
2017-12-05 10:28:40 [INFO]   * system_functionality: M2M set to false, foreign keys not equal to 2
2017-12-05 10:28:40 [INFO]   * system_note: M2M set to false, columns are 3 or more
2017-12-05 10:28:40 [INFO]   * system_regulation_art: M2M set to false, columns are 3 or more
2017-12-05 10:28:40 [INFO]   * system_role: M2M set to false, foreign keys not equal to 2
2017-12-05 10:28:40 [INFO]   * system_users: M2M set to false, columns are 3 or more
2017-12-05 10:28:40 [INFO]   * user: M2M set to false, foreign keys not equal to 2
2017-12-05 10:28:40 [INFO] Start writing document "dgcypa-erp.mwb"
2017-12-05 10:28:40 [INFO] Processing schema mydb:
2017-12-05 10:28:40 [INFO] Processing tables:
2017-12-05 10:28:40 [INFO] Writing table "PeriodActivity"
2017-12-05 10:28:40 [INFO]   Writing N <=> ? relation "PeriodDuration"
2017-12-05 10:28:40 [INFO]   Relation considered as "N <=> 1"
2017-12-05 10:28:40 [INFO]   Writing N <=> ? relation "PeriodCalendar"
2017-12-05 10:28:40 [INFO]   Relation considered as "N <=> 1"
2017-12-05 10:28:40 [INFO]   Writing setter/getter for column "id"
2017-12-05 10:28:40 [INFO]   Writing setter/getter for column "startdate"
2017-12-05 10:28:40 [INFO]   Writing setter/getter for column "enddate"
2017-12-05 10:28:40 [INFO]   Writing setter/getter for column "description"
2017-12-05 10:28:40 [INFO]   Writing setter/getter for column "duration_id"
2017-12-05 10:28:40 [INFO]   Writing setter/getter for column "position"
2017-12-05 10:28:40 [INFO]   Writing setter/getter for column "period_calendar_id"
2017-12-05 10:28:40 [INFO]   Writing setter/getter for 1 <=> ? "fk_activity_duration1"
2017-12-05 10:28:40 [INFO]   Applying setter/getter for "1 <=> N"
2017-12-05 10:28:40 [INFO]   Writing setter/getter for 1 <=> ? "fk_period_activity_period_calendar1"
2017-12-05 10:28:40 [INFO]   Applying setter/getter for "1 <=> N"
2017-12-05 10:28:40 [INFO] * period_activity: OK
2017-12-05 10:28:40 [INFO] Writing table "PeriodCalendar"
2017-12-05 10:28:40 [INFO]   Writing 1 <=> ? relation "PeriodActivity"
2017-12-05 10:28:40 [INFO]   Relation considered as "1 <=> N"
2017-12-05 10:28:40 [INFO]   Writing N <=> 1 constructor "PeriodActivity"
2017-12-05 10:28:40 [INFO]   Writing setter/getter for column "id"
2017-12-05 10:28:40 [INFO]   Writing setter/getter for column "name"
2017-12-05 10:28:40 [INFO]   Writing setter/getter for column "identify"
2017-12-05 10:28:40 [INFO]   Writing setter/getter for N <=> ? "fk_period_activity_period_calendar1"
2017-12-05 10:28:40 [INFO]   Applying setter/getter for "N <=> 1"
2017-12-05 10:28:40 [INFO] * period_calendar: OK
2017-12-05 10:28:40 [INFO] Writing table "PeriodDuration"
2017-12-05 10:28:40 [INFO]   Writing 1 <=> ? relation "PeriodActivity"
2017-12-05 10:28:40 [INFO]   Relation considered as "1 <=> N"
2017-12-05 10:28:40 [INFO]   Writing N <=> 1 constructor "PeriodActivity"
2017-12-05 10:28:40 [INFO]   Writing setter/getter for column "id"
2017-12-05 10:28:40 [INFO]   Writing setter/getter for column "title"
2017-12-05 10:28:40 [INFO]   Writing setter/getter for N <=> ? "fk_activity_duration1"
2017-12-05 10:28:40 [INFO]   Applying setter/getter for "N <=> 1"
2017-12-05 10:28:40 [INFO] * period_duration: OK
2017-12-05 10:28:40 [INFO] Writing table "Proccess"
2017-12-05 10:28:40 [INFO]   Writing 1 <=> ? relation "ProccessRegulationArt"
2017-12-05 10:28:40 [INFO]   Relation considered as "1 <=> N"
2017-12-05 10:28:40 [INFO]   Writing 1 <=> ? relation "ProccessRule"
2017-12-05 10:28:40 [INFO]   Relation considered as "1 <=> N"
2017-12-05 10:28:40 [INFO]   Writing 1 <=> ? relation "ProccessSystem"
2017-12-05 10:28:40 [INFO]   Relation considered as "1 <=> N"
2017-12-05 10:28:40 [INFO]   Writing N <=> 1 constructor "ProccessRegulationArt"
2017-12-05 10:28:40 [INFO]   Writing N <=> 1 constructor "ProccessRule"
2017-12-05 10:28:40 [INFO]   Writing N <=> 1 constructor "ProccessSystem"
2017-12-05 10:28:40 [INFO]   Writing setter/getter for column "id"
2017-12-05 10:28:40 [INFO]   Writing setter/getter for column "name"
2017-12-05 10:28:40 [INFO]   Writing setter/getter for column "description"
2017-12-05 10:28:40 [INFO]   Writing setter/getter for column "id_parent"
2017-12-05 10:28:40 [INFO]   Writing setter/getter for column "created_at"
2017-12-05 10:28:40 [INFO]   Writing setter/getter for N <=> ? "fk_proccess_regulation_art_proccess1"
2017-12-05 10:28:40 [INFO]   Applying setter/getter for "N <=> 1"
2017-12-05 10:28:40 [INFO]   Writing setter/getter for N <=> ? "fk_proccess_rule_proccess1"
2017-12-05 10:28:40 [INFO]   Applying setter/getter for "N <=> 1"
2017-12-05 10:28:40 [INFO]   Writing setter/getter for N <=> ? "fk_proccess_system_proccess1"
2017-12-05 10:28:40 [INFO]   Applying setter/getter for "N <=> 1"
2017-12-05 10:28:40 [INFO] * proccess: OK
2017-12-05 10:28:40 [INFO] Writing table "ProccessRegulationArt"
2017-12-05 10:28:40 [INFO]   Writing N <=> ? relation "Proccess"
2017-12-05 10:28:40 [INFO]   Relation considered as "N <=> 1"
2017-12-05 10:28:40 [INFO]   Writing N <=> ? relation "RegulationArt"
2017-12-05 10:28:40 [INFO]   Relation considered as "N <=> 1"
2017-12-05 10:28:40 [INFO]   Writing setter/getter for column "id"
2017-12-05 10:28:40 [INFO]   Writing setter/getter for column "proccess_id"
2017-12-05 10:28:40 [INFO]   Writing setter/getter for column "regulation_art_id"
2017-12-05 10:28:40 [INFO]   Writing setter/getter for column "created_at"
2017-12-05 10:28:40 [INFO]   Writing setter/getter for 1 <=> ? "fk_proccess_regulation_art_proccess1"
2017-12-05 10:28:40 [INFO]   Applying setter/getter for "1 <=> N"
2017-12-05 10:28:40 [INFO]   Writing setter/getter for 1 <=> ? "fk_proccess_regulation_art_regulation_art1"
2017-12-05 10:28:40 [INFO]   Applying setter/getter for "1 <=> N"
2017-12-05 10:28:40 [INFO] * proccess_regulation_art: OK
2017-12-05 10:28:40 [INFO] Writing table "ProccessRule"
2017-12-05 10:28:40 [INFO]   Writing N <=> ? relation "Proccess"
2017-12-05 10:28:40 [INFO]   Relation considered as "N <=> 1"
2017-12-05 10:28:40 [INFO]   Writing setter/getter for column "id"
2017-12-05 10:28:40 [INFO]   Writing setter/getter for column "proccess_id"
2017-12-05 10:28:40 [INFO]   Writing setter/getter for column "name"
2017-12-05 10:28:40 [INFO]   Writing setter/getter for column "text"
2017-12-05 10:28:40 [INFO]   Writing setter/getter for column "created_at"
2017-12-05 10:28:40 [INFO]   Writing setter/getter for 1 <=> ? "fk_proccess_rule_proccess1"
2017-12-05 10:28:40 [INFO]   Applying setter/getter for "1 <=> N"
2017-12-05 10:28:40 [INFO] * proccess_rule: OK
2017-12-05 10:28:40 [INFO] Writing table "ProccessSystem"
2017-12-05 10:28:40 [INFO]   Writing N <=> ? relation "Proccess"
2017-12-05 10:28:40 [INFO]   Relation considered as "N <=> 1"
2017-12-05 10:28:40 [INFO]   Writing N <=> ? relation "System"
2017-12-05 10:28:40 [INFO]   Relation considered as "N <=> 1"
2017-12-05 10:28:40 [INFO]   Writing setter/getter for column "id"
2017-12-05 10:28:40 [INFO]   Writing setter/getter for column "proccess_id"
2017-12-05 10:28:40 [INFO]   Writing setter/getter for column "system_id"
2017-12-05 10:28:40 [INFO]   Writing setter/getter for column "created_at"
2017-12-05 10:28:40 [INFO]   Writing setter/getter for column "updated_at"
2017-12-05 10:28:40 [INFO]   Writing setter/getter for 1 <=> ? "fk_proccess_system_proccess1"
2017-12-05 10:28:40 [INFO]   Applying setter/getter for "1 <=> N"
2017-12-05 10:28:40 [INFO]   Writing setter/getter for 1 <=> ? "fk_proccess_system_system1"
2017-12-05 10:28:40 [INFO]   Applying setter/getter for "1 <=> N"
2017-12-05 10:28:40 [INFO] * proccess_system: OK
2017-12-05 10:28:40 [INFO] Writing table "Regulation"
2017-12-05 10:28:40 [INFO]   Writing 1 <=> ? relation "RegulationArt"
2017-12-05 10:28:40 [INFO]   Relation considered as "1 <=> N"
2017-12-05 10:28:40 [INFO]   Writing N <=> 1 constructor "RegulationArt"
2017-12-05 10:28:40 [INFO]   Writing setter/getter for column "id"
2017-12-05 10:28:40 [INFO]   Writing setter/getter for column "valid"
2017-12-05 10:28:40 [INFO]   Writing setter/getter for column "name"
2017-12-05 10:28:40 [INFO]   Writing setter/getter for column "number"
2017-12-05 10:28:40 [INFO]   Writing setter/getter for column "date"
2017-12-05 10:28:40 [INFO]   Writing setter/getter for column "created_at"
2017-12-05 10:28:40 [INFO]   Writing setter/getter for column "updated_at"
2017-12-05 10:28:40 [INFO]   Writing setter/getter for N <=> ? "fk_regulation_art_regulation1"
2017-12-05 10:28:40 [INFO]   Applying setter/getter for "N <=> 1"
2017-12-05 10:28:40 [INFO] * regulation: OK
2017-12-05 10:28:40 [INFO] Writing table "RegulationArt"
2017-12-05 10:28:40 [INFO]   Writing 1 <=> ? relation "ProccessRegulationArt"
2017-12-05 10:28:40 [INFO]   Relation considered as "1 <=> N"
2017-12-05 10:28:40 [INFO]   Writing 1 <=> ? relation "SystemRegulationArt"
2017-12-05 10:28:40 [INFO]   Relation considered as "1 <=> N"
2017-12-05 10:28:40 [INFO]   Writing N <=> ? relation "Regulation"
2017-12-05 10:28:40 [INFO]   Relation considered as "N <=> 1"
2017-12-05 10:28:40 [INFO]   Writing N <=> 1 constructor "ProccessRegulationArt"
2017-12-05 10:28:40 [INFO]   Writing N <=> 1 constructor "SystemRegulationArt"
2017-12-05 10:28:40 [INFO]   Writing setter/getter for column "id"
2017-12-05 10:28:40 [INFO]   Writing setter/getter for column "created_at"
2017-12-05 10:28:40 [INFO]   Writing setter/getter for column "regulation_id"
2017-12-05 10:28:40 [INFO]   Writing setter/getter for column "name"
2017-12-05 10:28:40 [INFO]   Writing setter/getter for column "detail"
2017-12-05 10:28:40 [INFO]   Writing setter/getter for N <=> ? "fk_proccess_regulation_art_regulation_art1"
2017-12-05 10:28:40 [INFO]   Applying setter/getter for "N <=> 1"
2017-12-05 10:28:40 [INFO]   Writing setter/getter for N <=> ? "fk_system_regulation_art_regulation_art1"
2017-12-05 10:28:40 [INFO]   Applying setter/getter for "N <=> 1"
2017-12-05 10:28:40 [INFO]   Writing setter/getter for 1 <=> ? "fk_regulation_art_regulation1"
2017-12-05 10:28:40 [INFO]   Applying setter/getter for "1 <=> N"
2017-12-05 10:28:40 [INFO] * regulation_art: OK
2017-12-05 10:28:40 [INFO] Writing table "System"
2017-12-05 10:28:40 [INFO]   Writing 1 <=> ? relation "ProccessSystem"
2017-12-05 10:28:40 [INFO]   Relation considered as "1 <=> N"
2017-12-05 10:28:40 [INFO]   Writing 1 <=> ? relation "SystemFunctionality"
2017-12-05 10:28:40 [INFO]   Relation considered as "1 <=> N"
2017-12-05 10:28:40 [INFO]   Writing 1 <=> ? relation "SystemNote"
2017-12-05 10:28:40 [INFO]   Relation considered as "1 <=> N"
2017-12-05 10:28:40 [INFO]   Writing 1 <=> ? relation "SystemUser"
2017-12-05 10:28:40 [INFO]   Relation considered as "1 <=> N"
2017-12-05 10:28:40 [INFO]   Writing N <=> 1 constructor "ProccessSystem"
2017-12-05 10:28:40 [INFO]   Writing N <=> 1 constructor "SystemFunctionality"
2017-12-05 10:28:40 [INFO]   Writing N <=> 1 constructor "SystemNote"
2017-12-05 10:28:40 [INFO]   Writing N <=> 1 constructor "SystemUser"
2017-12-05 10:28:40 [INFO]   Writing setter/getter for column "id"
2017-12-05 10:28:40 [INFO]   Writing setter/getter for column "name"
2017-12-05 10:28:40 [INFO]   Writing setter/getter for column "shortdescription"
2017-12-05 10:28:40 [INFO]   Writing setter/getter for column "description"
2017-12-05 10:28:40 [INFO]   Writing setter/getter for column "created_at"
2017-12-05 10:28:40 [INFO]   Writing setter/getter for column "updated_at"
2017-12-05 10:28:40 [INFO]   Writing setter/getter for N <=> ? "fk_proccess_system_system1"
2017-12-05 10:28:40 [INFO]   Applying setter/getter for "N <=> 1"
2017-12-05 10:28:40 [INFO]   Writing setter/getter for N <=> ? "fk_functionality_system"
2017-12-05 10:28:40 [INFO]   Applying setter/getter for "N <=> 1"
2017-12-05 10:28:40 [INFO]   Writing setter/getter for N <=> ? "fk_system_note_system1"
2017-12-05 10:28:40 [INFO]   Applying setter/getter for "N <=> 1"
2017-12-05 10:28:40 [INFO]   Writing setter/getter for N <=> ? "fk_system_users_system1"
2017-12-05 10:28:40 [INFO]   Applying setter/getter for "N <=> 1"
2017-12-05 10:28:40 [INFO] * system: OK
2017-12-05 10:28:40 [INFO] Writing table "SystemAdjustment"
2017-12-05 10:28:40 [INFO]   Writing 1 <=> ? relation "SystemNote"
2017-12-05 10:28:40 [INFO]   Relation considered as "1 <=> N"
2017-12-05 10:28:40 [INFO]   Writing N <=> 1 constructor "SystemNote"
2017-12-05 10:28:40 [INFO]   Writing setter/getter for column "id"
2017-12-05 10:28:40 [INFO]   Writing setter/getter for column "name"
2017-12-05 10:28:40 [INFO]   Writing setter/getter for N <=> ? "fk_note_adjustment1"
2017-12-05 10:28:40 [INFO]   Applying setter/getter for "N <=> 1"
2017-12-05 10:28:40 [INFO] * system_adjustment: OK
2017-12-05 10:28:40 [INFO] Writing table "SystemFunctionality"
2017-12-05 10:28:40 [INFO]   Writing 1 <=> ? relation "SystemRegulationArt"
2017-12-05 10:28:40 [INFO]   Relation considered as "1 <=> N"
2017-12-05 10:28:40 [INFO]   Writing N <=> ? relation "System"
2017-12-05 10:28:40 [INFO]   Relation considered as "N <=> 1"
2017-12-05 10:28:40 [INFO]   Writing N <=> 1 constructor "SystemRegulationArt"
2017-12-05 10:28:40 [INFO]   Writing setter/getter for column "id"
2017-12-05 10:28:40 [INFO]   Writing setter/getter for column "system_id"
2017-12-05 10:28:40 [INFO]   Writing setter/getter for column "name"
2017-12-05 10:28:40 [INFO]   Writing setter/getter for column "description"
2017-12-05 10:28:40 [INFO]   Writing setter/getter for column "created_at"
2017-12-05 10:28:40 [INFO]   Writing setter/getter for column "updated_at"
2017-12-05 10:28:40 [INFO]   Writing setter/getter for N <=> ? "fk_system_regulation_art_system_functionality1"
2017-12-05 10:28:40 [INFO]   Applying setter/getter for "N <=> 1"
2017-12-05 10:28:40 [INFO]   Writing setter/getter for 1 <=> ? "fk_functionality_system"
2017-12-05 10:28:40 [INFO]   Applying setter/getter for "1 <=> N"
2017-12-05 10:28:40 [INFO] * system_functionality: OK
2017-12-05 10:28:40 [INFO] Writing table "SystemNote"
2017-12-05 10:28:40 [INFO]   Writing N <=> ? relation "SystemAdjustment"
2017-12-05 10:28:40 [INFO]   Relation considered as "N <=> 1"
2017-12-05 10:28:40 [INFO]   Writing N <=> ? relation "System"
2017-12-05 10:28:40 [INFO]   Relation considered as "N <=> 1"
2017-12-05 10:28:40 [INFO]   Writing setter/getter for column "id"
2017-12-05 10:28:40 [INFO]   Writing setter/getter for column "name"
2017-12-05 10:28:40 [INFO]   Writing setter/getter for column "description"
2017-12-05 10:28:40 [INFO]   Writing setter/getter for column "created_at"
2017-12-05 10:28:40 [INFO]   Writing setter/getter for column "updated_at"
2017-12-05 10:28:40 [INFO]   Writing setter/getter for column "year"
2017-12-05 10:28:40 [INFO]   Writing setter/getter for column "period"
2017-12-05 10:28:40 [INFO]   Writing setter/getter for column "adjustment_id"
2017-12-05 10:28:40 [INFO]   Writing setter/getter for column "system_id"
2017-12-05 10:28:40 [INFO]   Writing setter/getter for 1 <=> ? "fk_note_adjustment1"
2017-12-05 10:28:40 [INFO]   Applying setter/getter for "1 <=> N"
2017-12-05 10:28:40 [INFO]   Writing setter/getter for 1 <=> ? "fk_system_note_system1"
2017-12-05 10:28:40 [INFO]   Applying setter/getter for "1 <=> N"
2017-12-05 10:28:40 [INFO] * system_note: OK
2017-12-05 10:28:40 [INFO] Writing table "SystemRegulationArt"
2017-12-05 10:28:40 [INFO]   Writing N <=> ? relation "SystemFunctionality"
2017-12-05 10:28:40 [INFO]   Relation considered as "N <=> 1"
2017-12-05 10:28:40 [INFO]   Writing N <=> ? relation "RegulationArt"
2017-12-05 10:28:40 [INFO]   Relation considered as "N <=> 1"
2017-12-05 10:28:40 [INFO]   Writing setter/getter for column "id"
2017-12-05 10:28:40 [INFO]   Writing setter/getter for column "system_functionality_id"
2017-12-05 10:28:40 [INFO]   Writing setter/getter for column "regulation_art_id"
2017-12-05 10:28:40 [INFO]   Writing setter/getter for column "created_at"
2017-12-05 10:28:40 [INFO]   Writing setter/getter for 1 <=> ? "fk_system_regulation_art_system_functionality1"
2017-12-05 10:28:40 [INFO]   Applying setter/getter for "1 <=> N"
2017-12-05 10:28:40 [INFO]   Writing setter/getter for 1 <=> ? "fk_system_regulation_art_regulation_art1"
2017-12-05 10:28:40 [INFO]   Applying setter/getter for "1 <=> N"
2017-12-05 10:28:40 [INFO] * system_regulation_art: OK
2017-12-05 10:28:40 [INFO] Writing table "SystemRole"
2017-12-05 10:28:40 [INFO]   Writing 1 <=> ? relation "SystemUser"
2017-12-05 10:28:40 [INFO]   Relation considered as "1 <=> N"
2017-12-05 10:28:40 [INFO]   Writing N <=> 1 constructor "SystemUser"
2017-12-05 10:28:40 [INFO]   Writing setter/getter for column "id"
2017-12-05 10:28:40 [INFO]   Writing setter/getter for column "name"
2017-12-05 10:28:40 [INFO]   Writing setter/getter for column "description"
2017-12-05 10:28:40 [INFO]   Writing setter/getter for column "created_at"
2017-12-05 10:28:40 [INFO]   Writing setter/getter for column "updated_at"
2017-12-05 10:28:40 [INFO]   Writing setter/getter for N <=> ? "fk_system_users_system_user1"
2017-12-05 10:28:40 [INFO]   Applying setter/getter for "N <=> 1"
2017-12-05 10:28:40 [INFO] * system_role: OK
2017-12-05 10:28:40 [INFO] Writing table "SystemUser"
2017-12-05 10:28:40 [INFO]   Writing N <=> ? relation "SystemRole"
2017-12-05 10:28:40 [INFO]   Relation considered as "N <=> 1"
2017-12-05 10:28:40 [INFO]   Writing N <=> ? relation "System"
2017-12-05 10:28:40 [INFO]   Relation considered as "N <=> 1"
2017-12-05 10:28:40 [INFO]   Writing setter/getter for column "id"
2017-12-05 10:28:40 [INFO]   Writing setter/getter for column "system_role_id"
2017-12-05 10:28:40 [INFO]   Writing setter/getter for column "system_id"
2017-12-05 10:28:40 [INFO]   Writing setter/getter for column "created_at"
2017-12-05 10:28:40 [INFO]   Writing setter/getter for 1 <=> ? "fk_system_users_system_user1"
2017-12-05 10:28:40 [INFO]   Applying setter/getter for "1 <=> N"
2017-12-05 10:28:40 [INFO]   Writing setter/getter for 1 <=> ? "fk_system_users_system1"
2017-12-05 10:28:40 [INFO]   Applying setter/getter for "1 <=> N"
2017-12-05 10:28:40 [INFO] * system_users: OK
2017-12-05 10:28:40 [INFO] Writing table "User"
2017-12-05 10:28:40 [INFO]   Writing setter/getter for column "id"
2017-12-05 10:28:40 [INFO]   Writing setter/getter for column "birthdate"
2017-12-05 10:28:40 [INFO]   Writing setter/getter for column "gender"
2017-12-05 10:28:40 [INFO]   Writing setter/getter for column "lastname"
2017-12-05 10:28:40 [INFO]   Writing setter/getter for column "name"
2017-12-05 10:28:40 [INFO]   Writing setter/getter for column "created_at"
2017-12-05 10:28:40 [INFO]   Writing setter/getter for column "updated_at"
2017-12-05 10:28:40 [INFO] * user: OK
2017-12-05 10:28:40 [INFO] Processing views:
2017-12-05 10:28:40 [INFO] Done writing document
